<?xml version="1.0" encoding="UTF-8"?>
<!-- Generated by org.testng.reporters.JUnitXMLReporter -->
<testsuite hostname="AshokMaddineni" ignored="0" name="JenkinsRunTest2" tests="3" failures="0" timestamp="17 Jun 2020 08:14:01 GMT" time="0.035" errors="0">
  <testcase name="tc_4" time="0.006" classname="com.parallelprocessing.NewTest1"/>
  <testcase name="tc_5" time="0.0" classname="com.parallelprocessing.NewTest1"/>
  <testcase name="tc_6" time="0.001" classname="com.parallelprocessing.NewTest1"/>
</testsuite> <!-- JenkinsRunTest2 -->
