<?xml version="1.0" encoding="UTF-8"?>
<!-- Generated by org.testng.reporters.JUnitXMLReporter -->
<testsuite hostname="AshokMaddineni" ignored="0" name="test" tests="6" failures="0" timestamp="17 Sep 2018 22:43:06 GMT" time="0.062" errors="0">
  <testcase name="tc_1" time="0.016" classname="com.parallelprocessing.NewTest"/>
  <testcase name="tc_2" time="0.0" classname="com.parallelprocessing.NewTest"/>
  <testcase name="tc_3" time="0.0" classname="com.parallelprocessing.NewTest"/>
  <testcase name="tc_4" time="0.0" classname="com.parallelprocessing.NewTest1"/>
  <testcase name="tc_5" time="0.015" classname="com.parallelprocessing.NewTest1"/>
  <testcase name="tc_6" time="0.0" classname="com.parallelprocessing.NewTest1"/>
</testsuite> <!-- test -->
