<?xml version="1.0" encoding="UTF-8"?>
<!-- Generated by org.testng.reporters.JUnitXMLReporter -->
<testsuite hostname="AshokMaddineni" ignored="0" name="Default test" tests="3" failures="0" timestamp="16 Jun 2020 15:29:08 GMT" time="0.094" errors="0">
  <testcase name="tc_4" time="0.023" classname="com.parallelprocessing.NewTest1"/>
  <testcase name="tc_5" time="0.005" classname="com.parallelprocessing.NewTest1"/>
  <testcase name="tc_6" time="0.003" classname="com.parallelprocessing.NewTest1"/>
</testsuite> <!-- Default test -->
